#
# A fatal error has been detected by the Java Runtime Environment:
#
#  EXCEPTION_ACCESS_VIOLATION (0xc0000005) at pc=0x6d96a179, pid=13832, tid=13528
#
# JRE version: 6.0_30-b12
# Java VM: Java HotSpot(TM) Client VM (20.5-b03 mixed mode windows-x86 )
# Problematic frame:
# V  [jvm.dll+0xaa179]
#
# If you would like to submit a bug report, please visit:
#   http://java.sun.com/webapps/bugreport/crash.jsp
#

---------------  T H R E A D  ---------------

Current thread (0x01fad400):  JavaThread "JDWP Transport Listener: dt_socket" daemon [_thread_in_vm, id=13528, stack(0x18530000,0x18580000)]

siginfo: ExceptionCode=0xc0000005, reading address 0x72502450

Registers:
EAX=0x1893a8a8, EBX=0x00000000, ECX=0x000071ee, EDX=0x00000000
ESP=0x1857fa10, EBP=0x1857fa14, ESI=0x7250244c, EDI=0x02026628
EIP=0x6d96a179, EFLAGS=0x00010217

Top of Stack: (sp=0x1857fa10)
0x1857fa10:   01fad400 1857fa3c 6da58242 1893a8a8
0x1857fa20:   1857fac0 1857fa77 01fad400 00000000
0x1857fa30:   00000000 00000000 01fad400 1857fa78
0x1857fa40:   6d439770 02026628 1893a8a8 1857fa77
0x1857fa50:   1893a8a8 6d4242c9 1893a8a8 1857fa77
0x1857fa60:   0000003b 00000000 00000000 f0001008
0x1857fa70:   00000000 0157fa98 1857fa98 6d424434
0x1857fa80:   00000001 1857fab4 1857fc50 6d442b02 

Instructions: (pc=0x6d96a179)
0x6d96a159:   cc cc cc cc cc cc cc 55 8b ec 8b 45 08 85 c0 56
0x6d96a169:   74 25 8b 30 85 f6 74 1f 81 fe fe fe fe fe 74 17
0x6d96a179:   8b 46 04 8d 48 08 8b 01 ff 90 90 00 00 00 84 c0
0x6d96a189:   74 05 8b c6 5e 5d c3 33 c0 5e 5d c3 cc cc cc cc 


Register to memory mapping:

EAX=0x1893a8a8 is an unknown value
EBX=0x00000000 is an unknown value
ECX=0x000071ee is an unknown value
EDX=0x00000000 is an unknown value
ESP=0x1857fa10 is pointing into the stack for thread: 0x01fad400
EBP=0x1857fa14 is pointing into the stack for thread: 0x01fad400
ESI=0x7250244c is an unknown value
EDI=0x02026628 is an unknown value


Stack: [0x18530000,0x18580000],  sp=0x1857fa10,  free space=318k
Native frames: (J=compiled Java code, j=interpreted, Vv=VM code, C=native code)
V  [jvm.dll+0xaa179]
V  [jvm.dll+0x198242]
C  [jdwp.dll+0x19770]  Agent_OnLoad+0xe6e5
C  [jdwp.dll+0x4434]
C  [jdwp.dll+0x4472]
C  [jdwp.dll+0x17d55]  Agent_OnLoad+0xccca
V  [jvm.dll+0x140ffc]
C  [msvcr71.dll+0x9565]  endthreadex+0xa0
C  [KERNEL32.DLL+0x2850d]  BaseThreadInitThunk+0xe
C  [ntdll.dll+0x5bf39]  RtlInitializeExceptionChain+0x85
C  [ntdll.dll+0x5bf0c]  RtlInitializeExceptionChain+0x58


---------------  P R O C E S S  ---------------

Java Threads: ( => current thread )
  0x1893b000 JavaThread "btpool0-1" [_thread_blocked, id=836, stack(0x1b6f0000,0x1b740000)]
  0x19672800 JavaThread "MySQL Statement Cancellation Timer" daemon [_thread_blocked, id=2504, stack(0x1a7a0000,0x1a7f0000)]
  0x193f4800 JavaThread "Timer-0" daemon [_thread_blocked, id=11456, stack(0x19740000,0x19790000)]
  0x18972400 JavaThread "btpool0-0 - Acceptor0 SelectChannelConnector@0.0.0.0:8081" [_thread_in_native, id=12248, stack(0x18a90000,0x18ae0000)]
  0x01fd7400 JavaThread "Low Memory Detector" daemon [_thread_blocked, id=5348, stack(0x18770000,0x187c0000)]
  0x01fd6c00 JavaThread "C1 CompilerThread0" daemon [_thread_blocked, id=14216, stack(0x186e0000,0x18730000)]
  0x01fc9000 JavaThread "JDWP Command Reader" daemon [_thread_in_native, id=13352, stack(0x18650000,0x186a0000)]
  0x01fc6000 JavaThread "JDWP Event Helper Thread" daemon [_thread_blocked, id=14328, stack(0x185c0000,0x18610000)]
=>0x01fad400 JavaThread "JDWP Transport Listener: dt_socket" daemon [_thread_in_vm, id=13528, stack(0x18530000,0x18580000)]
  0x01fa3400 JavaThread "Attach Listener" daemon [_thread_blocked, id=13464, stack(0x18410000,0x18460000)]
  0x01fa1000 JavaThread "Signal Dispatcher" daemon [_thread_blocked, id=7756, stack(0x18380000,0x183d0000)]
  0x01f97c00 JavaThread "Finalizer" daemon [_thread_blocked, id=13592, stack(0x182f0000,0x18340000)]
  0x01f93000 JavaThread "Reference Handler" daemon [_thread_blocked, id=13572, stack(0x18260000,0x182b0000)]
  0x01f12c00 JavaThread "main" [_thread_blocked, id=992, stack(0x00430000,0x00480000)]

Other Threads:
  0x01f8f400 VMThread [stack: 0x181d0000,0x18220000] [id=13640]
  0x01feac00 WatcherThread [stack: 0x18800000,0x18850000] [id=11136]

VM state:not at safepoint (normal execution)

VM Mutex/Monitor currently owned by a thread: None

Heap
 def new generation   total 47488K, used 25022K [0x040b0000, 0x07430000, 0x09600000)
  eden space 42240K,  53% used [0x040b0000, 0x056b1b38, 0x069f0000)
  from space 5248K,  47% used [0x06f10000, 0x0717dfd0, 0x07430000)
  to   space 5248K,   0% used [0x069f0000, 0x069f0000, 0x06f10000)
 tenured generation   total 105356K, used 63212K [0x09600000, 0x0fce3000, 0x140b0000)
   the space 105356K,  59% used [0x09600000, 0x0d3bb0f8, 0x0d3bb200, 0x0fce3000)
 compacting perm gen  total 57856K, used 57726K [0x140b0000, 0x17930000, 0x180b0000)
   the space 57856K,  99% used [0x140b0000, 0x1790f9d8, 0x1790fa00, 0x17930000)
No shared spaces configured.

Code Cache  [0x02030000, 0x02998000, 0x04030000)
 total_blobs=4267 nmethods=4085 adapters=123 free_code_cache=23702272 largest_free_block=384

Dynamic libraries:
0x00400000 - 0x00425000 	D:\MyToolbox\jdk1.6.0_30\bin\javaw.exe
0x77740000 - 0x77897000 	C:\windows\SYSTEM32\ntdll.dll
0x76d00000 - 0x76e30000 	C:\windows\SYSTEM32\KERNEL32.DLL
0x76e30000 - 0x76ed6000 	C:\windows\SYSTEM32\KERNELBASE.dll
0x76760000 - 0x7680e000 	C:\windows\SYSTEM32\ADVAPI32.dll
0x77180000 - 0x77296000 	C:\windows\SYSTEM32\USER32.dll
0x772a0000 - 0x77351000 	C:\windows\SYSTEM32\msvcrt.dll
0x76850000 - 0x76884000 	C:\windows\SYSTEM32\sechost.dll
0x76c50000 - 0x76cfc000 	C:\windows\SYSTEM32\RPCRT4.dll
0x76ab0000 - 0x76bad000 	C:\windows\SYSTEM32\GDI32.dll
0x74d70000 - 0x74d8c000 	C:\windows\SYSTEM32\SspiCli.dll
0x74d60000 - 0x74d69000 	C:\windows\SYSTEM32\CRYPTBASE.dll
0x74d00000 - 0x74d51000 	C:\windows\SYSTEM32\bcryptPrimitives.dll
0x76bb0000 - 0x76bd0000 	C:\windows\system32\IMM32.DLL
0x76340000 - 0x7641e000 	C:\windows\SYSTEM32\MSCTF.dll
0x7c340000 - 0x7c396000 	D:\MyToolbox\jdk1.6.0_30\jre\bin\msvcr71.dll
0x6d8c0000 - 0x6db6f000 	D:\MyToolbox\jdk1.6.0_30\jre\bin\client\jvm.dll
0x74940000 - 0x74961000 	C:\windows\SYSTEM32\WINMM.dll
0x74910000 - 0x7493b000 	C:\windows\SYSTEM32\WINMMBASE.dll
0x77630000 - 0x77676000 	C:\windows\SYSTEM32\cfgmgr32.dll
0x76be0000 - 0x76bfe000 	C:\windows\SYSTEM32\DEVOBJ.dll
0x71660000 - 0x71707000 	C:\windows\system32\apphelp.dll
0x6d870000 - 0x6d87c000 	D:\MyToolbox\jdk1.6.0_30\jre\bin\verify.dll
0x6d3d0000 - 0x6d3ef000 	D:\MyToolbox\jdk1.6.0_30\jre\bin\java.dll
0x6d420000 - 0x6d449000 	D:\MyToolbox\jdk1.6.0_30\jre\bin\jdwp.dll
0x6d740000 - 0x6d746000 	D:\MyToolbox\jdk1.6.0_30\jre\bin\npt.dll
0x6d8b0000 - 0x6d8bf000 	D:\MyToolbox\jdk1.6.0_30\jre\bin\zip.dll
0x6d2b0000 - 0x6d2b7000 	D:\MyToolbox\jdk1.6.0_30\jre\bin\dt_socket.dll
0x75f60000 - 0x75fb0000 	C:\windows\SYSTEM32\WS2_32.dll
0x75e60000 - 0x75e68000 	C:\windows\SYSTEM32\NSI.dll
0x71330000 - 0x71340000 	C:\windows\system32\napinsp.dll
0x71290000 - 0x712a4000 	C:\windows\system32\pnrpnsp.dll
0x71280000 - 0x71290000 	C:\windows\system32\NLAapi.dll
0x74660000 - 0x746aa000 	C:\windows\System32\mswsock.dll
0x745e0000 - 0x74655000 	C:\windows\SYSTEM32\DNSAPI.dll
0x71270000 - 0x71279000 	C:\windows\System32\winrnr.dll
0x70fa0000 - 0x70fdf000 	C:\windows\System32\fwpuclnt.dll
0x71260000 - 0x71267000 	C:\Windows\System32\rasadhlp.dll
0x6d600000 - 0x6d609000 	D:\MyToolbox\jdk1.6.0_30\jre\bin\management.dll
0x70f70000 - 0x70f8a000 	C:\windows\SYSTEM32\CRYPTSP.dll
0x70f30000 - 0x70f6e000 	C:\windows\system32\rsaenh.dll
0x74cc0000 - 0x74cdb000 	C:\windows\SYSTEM32\USERENV.dll
0x74ca0000 - 0x74cb1000 	C:\windows\SYSTEM32\profapi.dll
0x6d6b0000 - 0x6d6c3000 	D:\MyToolbox\jdk1.6.0_30\jre\bin\net.dll
0x74a40000 - 0x74a60000 	C:\windows\SYSTEM32\IPHLPAPI.DLL
0x74a30000 - 0x74a38000 	C:\windows\SYSTEM32\WINNSI.DLL
0x6d6d0000 - 0x6d6d9000 	D:\MyToolbox\jdk1.6.0_30\jre\bin\nio.dll
0x75f40000 - 0x75f46000 	C:\windows\system32\PSAPI.DLL

VM Arguments:
jvm_args: -agentlib:jdwp=transport=dt_socket,suspend=y,address=localhost:53973 -Drjrcontext=/ems -Drjrwebapp=expense -Drjrport=8081 -Drjrkeystore=C:\Users\Administrator\.keystore -Drjrkeypassword=changeit -Drjrpassword=changeit -Drjrclasspath=D:\MyToolbox\eclipse3.5\ws\Demo-6.0.0.RC\expense\WEB-INF\classes;D:\MyToolbox\eclipse3.5\ws\Demo-6.0.0.RC\expense\WEB-INF\lib\activation-1.1.1.jar;D:\MyToolbox\eclipse3.5\ws\Demo-6.0.0.RC\expense\WEB-INF\lib\ajaxanywhere-1.2.1.jar;D:\MyToolbox\eclipse3.5\ws\Demo-6.0.0.RC\expense\WEB-INF\lib\antlr-2.7.6.jar;D:\MyToolbox\eclipse3.5\ws\Demo-6.0.0.RC\expense\WEB-INF\lib\aopalliance-1.0.jar;D:\MyToolbox\eclipse3.5\ws\Demo-6.0.0.RC\expense\WEB-INF\lib\asm-3.1.jar;D:\MyToolbox\eclipse3.5\ws\Demo-6.0.0.RC\expense\WEB-INF\lib\asm-attrs-1.5.3.jar;D:\MyToolbox\eclipse3.5\ws\Demo-6.0.0.RC\expense\WEB-INF\lib\aspectjweaver-1.6.9.jar;D:\MyToolbox\eclipse3.5\ws\Demo-6.0.0.RC\expense\WEB-INF\lib\backport-util-concurrent-2.2.jar;D:\MyToolbox\eclipse3.5\ws\Demo-6.0.0.RC\expense\WEB-INF\lib\bsh-2.0b4.jar;D:\MyToolbox\eclipse3.5\ws\Demo-6.0.0.RC\expense\WEB-INF\lib\cas-client-core-3.2.1.jar;D:\MyToolbox\eclipse3.5\ws\Demo-6.0.0.RC\expense\WEB-INF\lib\cglib-nodep-2.2.2.jar;D:\MyToolbox\eclipse3.5\ws\Demo-6.0.0.RC\expense\WEB-INF\lib\chardet-1.0.jar;D:\MyToolbox\eclipse3.5\ws\Demo-6.0.0.RC\expense\WEB-INF\lib\codemodel-2.5.jar;D:\MyToolbox\eclipse3.5\ws\Demo-6.0.0.RC\expense\WEB-INF\lib\commons-beanutils-1.8.3.jar;D:\MyToolbox\eclipse3.5\ws\Demo-6.0.0.RC\expense\WEB-INF\lib\commons-codec-1.6.jar;D:\MyToolbox\eclipse3.5\ws\Demo-6.0.0.RC\expense\WEB-INF\lib\commons-collections-3.2.1.jar;D:\MyToolbox\eclipse3.5\ws\Demo-6.0.0.RC\expense\WEB-INF\lib\commons-dbcp-1.4.jar;D:\MyToolbox\eclipse3.5\ws\Demo-6.0.0.RC\expense\WEB-INF\lib\commons-fileupload-1.2.2.jar;D:\MyToolbox\eclipse3.5\ws\Demo-6.0.0.RC\expense\WEB-INF\lib\commons-io-2.1.jar;D:\MyToolbox\eclipse3.5\ws\Demo-6.0.0.RC\expense\WEB-INF\lib\commons-lang-2.6.jar;D:\MyToolbox\eclipse3.5\ws\Demo-6.0.0.RC\expense\WEB-INF\lib\commons-logging-1.1.1.jar;D:\MyToolbox\eclipse3.5\ws\Demo-6.0.0.RC\expense\WEB-INF\lib\commons-pool-1.6.jar;D:\MyToolbox\eclipse3.5\ws\Demo-6.0.0.RC\expense\WEB-INF\lib\dbstep-1.0.jar;D:\MyToolbox\eclips-Dfile.encoding=UTF-8 
java_command: runjettyrun.Bootstrap
Launcher Type: SUN_STANDARD

Environment Variables:
JAVA_HOME=D:\MyToolbox\jdk1.6.0_30
PATH=D:\MyToolbox\jdk1.6.0_30\jre\bin;D:/MyToolbox/jdk1.6.0_30/bin/../jre/bin/client;D:/MyToolbox/jdk1.6.0_30/bin/../jre/bin;G:\app\ldx\product\11.2.0\dbhome_1\bin;C:\windows\system32;C:\windows;C:\windows\System32\Wbem;C:\windows\System32\WindowsPowerShell\v1.0\;C:\Program Files (x86)\ATI Technologies\ATI.ACE\Core-Static;C:\ProgramData\Lenovo\ReadyApps;D:\MyToolbox\jdk1.6.0_30\bin;D:\mvn\apache-maven-3.0.4\bin;G:\Program Files\TortoiseSVN\bin
USERNAME=ldx
OS=Windows_NT
PROCESSOR_IDENTIFIER=AMD64 Family 21 Model 16 Stepping 1, AuthenticAMD



---------------  S Y S T E M  ---------------

OS: Windows NT 6.2 Build 9200 

CPU:total 4 (4 cores per cpu, 1 threads per core) family 21 model 16 stepping 1, cmov, cx8, fxsr, mmx, sse, sse2, sse3, ssse3, sse4.1, sse4.2, popcnt, mmxext, lzcnt, sse4a

Memory: 4k page, physical 8353792k(4911888k free), swap 9598976k(3731336k free)

vm_info: Java HotSpot(TM) Client VM (20.5-b03) for windows-x86 JRE (1.6.0_30-b12), built on Nov 10 2011 01:51:00 by "java_re" with MS VC++ 7.1 (VS2003)

time: Sun Dec 29 18:41:24 2013
elapsed time: 517 seconds

