#
# A fatal error has been detected by the Java Runtime Environment:
#
#  Internal Error (jvmtiRedefineClasses.cpp:1509), pid=7028, tid=7044
#  guarantee(false) failed: insert_space_at() failed
#
# JRE version: 6.0_30-b12
# Java VM: Java HotSpot(TM) Client VM (20.5-b03 mixed mode windows-x86 )
# If you would like to submit a bug report, please visit:
#   http://java.sun.com/webapps/bugreport/crash.jsp
#

---------------  T H R E A D  ---------------

Current thread (0x02043400):  JavaThread "JDWP Transport Listener: dt_socket" daemon [_thread_in_vm, id=7044, stack(0x386e0000,0x38730000)]

Stack: [0x386e0000,0x38730000],  sp=0x3872f82c,  free space=318k
Native frames: (J=compiled Java code, j=interpreted, Vv=VM code, C=native code)
V  [jvm.dll+0x1335ca]
V  [jvm.dll+0x12e4dc]
V  [jvm.dll+0xd3cd0]
V  [jvm.dll+0xd4c2d]
V  [jvm.dll+0xd9045]
V  [jvm.dll+0xd93c0]
V  [jvm.dll+0xd974b]
V  [jvm.dll+0xd9c25]
V  [jvm.dll+0xc2a64]
V  [jvm.dll+0x193cb0]
C  [jdwp.dll+0x7d56]
C  [jdwp.dll+0xba32]  Agent_OnLoad+0x9a7
C  [jdwp.dll+0x17d55]  Agent_OnLoad+0xccca
V  [jvm.dll+0x140ffc]
C  [msvcr71.dll+0x9565]  endthreadex+0xa0
C  [KERNEL32.DLL+0x2850d]  BaseThreadInitThunk+0xe
C  [ntdll.dll+0x5bf39]  RtlInitializeExceptionChain+0x85
C  [ntdll.dll+0x5bf0c]  RtlInitializeExceptionChain+0x58


---------------  P R O C E S S  ---------------

Java Threads: ( => current thread )
  0x396dd800 JavaThread "btpool0-13" [_thread_blocked, id=4192, stack(0x38650000,0x386a0000)]
  0x396df000 JavaThread "session timer" daemon [_thread_blocked, id=6524, stack(0x3bcb0000,0x3bd00000)]
  0x3925d800 JavaThread "Timer-1" daemon [_thread_blocked, id=6016, stack(0x3bb90000,0x3bbe0000)]
  0x3925d000 JavaThread "DefaultQuartzScheduler_QuartzSchedulerThread" [_thread_blocked, id=40, stack(0x3bb00000,0x3bb50000)]
  0x3925c400 JavaThread "DefaultQuartzScheduler_Worker-10" [_thread_blocked, id=12144, stack(0x3ba70000,0x3bac0000)]
  0x3925cc00 JavaThread "DefaultQuartzScheduler_Worker-9" [_thread_blocked, id=11068, stack(0x3b9e0000,0x3ba30000)]
  0x3925bc00 JavaThread "DefaultQuartzScheduler_Worker-8" [_thread_blocked, id=8952, stack(0x3b950000,0x3b9a0000)]
  0x39aa7400 JavaThread "DefaultQuartzScheduler_Worker-7" [_thread_blocked, id=6244, stack(0x3b8c0000,0x3b910000)]
  0x39aa2800 JavaThread "DefaultQuartzScheduler_Worker-6" [_thread_blocked, id=11696, stack(0x3b830000,0x3b880000)]
  0x39aa2400 JavaThread "DefaultQuartzScheduler_Worker-5" [_thread_blocked, id=11188, stack(0x3b7a0000,0x3b7f0000)]
  0x39aa1c00 JavaThread "DefaultQuartzScheduler_Worker-4" [_thread_blocked, id=6980, stack(0x3b710000,0x3b760000)]
  0x3988c800 JavaThread "DefaultQuartzScheduler_Worker-3" [_thread_blocked, id=3944, stack(0x3b680000,0x3b6d0000)]
  0x3988c400 JavaThread "DefaultQuartzScheduler_Worker-2" [_thread_blocked, id=10388, stack(0x3b5f0000,0x3b640000)]
  0x39a7e000 JavaThread "DefaultQuartzScheduler_Worker-1" [_thread_blocked, id=7340, stack(0x3b560000,0x3b5b0000)]
  0x39a38800 JavaThread "MySQL Statement Cancellation Timer" daemon [_thread_blocked, id=11184, stack(0x3a950000,0x3a9a0000)]
  0x395afc00 JavaThread "Timer-0" daemon [_thread_blocked, id=9972, stack(0x398f0000,0x39940000)]
  0x38b05000 JavaThread "btpool0-0 - Acceptor0 SelectChannelConnector@0.0.0.0:8085" [_thread_in_native, id=9380, stack(0x38c40000,0x38c90000)]
  0x02056400 JavaThread "Low Memory Detector" daemon [_thread_blocked, id=11036, stack(0x38920000,0x38970000)]
  0x02056000 JavaThread "C1 CompilerThread0" daemon [_thread_blocked, id=4468, stack(0x38890000,0x388e0000)]
  0x0204c400 JavaThread "JDWP Command Reader" daemon [_thread_in_native, id=3064, stack(0x38800000,0x38850000)]
  0x02049c00 JavaThread "JDWP Event Helper Thread" daemon [_thread_blocked, id=7648, stack(0x38770000,0x387c0000)]
=>0x02043400 JavaThread "JDWP Transport Listener: dt_socket" daemon [_thread_in_vm, id=7044, stack(0x386e0000,0x38730000)]
  0x02023800 JavaThread "Attach Listener" daemon [_thread_blocked, id=11152, stack(0x385c0000,0x38610000)]
  0x02021800 JavaThread "Signal Dispatcher" daemon [_thread_blocked, id=5216, stack(0x38530000,0x38580000)]
  0x02018800 JavaThread "Finalizer" daemon [_thread_blocked, id=8540, stack(0x384a0000,0x384f0000)]
  0x02013c00 JavaThread "Reference Handler" daemon [_thread_blocked, id=10500, stack(0x38410000,0x38460000)]
  0x002be800 JavaThread "main" [_thread_blocked, id=7404, stack(0x002c0000,0x00310000)]

Other Threads:
  0x02010000 VMThread [stack: 0x005c0000,0x00610000] [id=11828]
  0x02057c00 WatcherThread [stack: 0x389b0000,0x38a00000] [id=10092]

VM state:not at safepoint (normal execution)

VM Mutex/Monitor currently owned by a thread: None

Heap
 def new generation   total 65536K, used 2K [0x04110000, 0x08820000, 0x14110000)
  eden space 58304K,   0% used [0x04110000, 0x04110800, 0x07a00000)
  from space 7232K,   0% used [0x08110000, 0x08110000, 0x08820000)
  to   space 7232K,   0% used [0x07a00000, 0x07a00000, 0x08110000)
 tenured generation   total 145380K, used 83304K [0x14110000, 0x1cf09000, 0x34110000)
   the space 145380K,  57% used [0x14110000, 0x1926a330, 0x1926a400, 0x1cf09000)
 compacting perm gen  total 65536K, used 65535K [0x34110000, 0x38110000, 0x38110000)
   the space 65536K,  99% used [0x34110000, 0x3810fd80, 0x3810fe00, 0x38110000)
No shared spaces configured.

Code Cache  [0x02090000, 0x02f68000, 0x04090000)
 total_blobs=6771 nmethods=6587 adapters=124 free_code_cache=18005504 largest_free_block=384

Dynamic libraries:
0x00400000 - 0x00425000 	D:\MyToolbox\jdk1.6.0_30\bin\javaw.exe
0x774f0000 - 0x77647000 	C:\windows\SYSTEM32\ntdll.dll
0x74b40000 - 0x74c70000 	C:\windows\SYSTEM32\KERNEL32.DLL
0x76700000 - 0x767a6000 	C:\windows\SYSTEM32\KERNELBASE.dll
0x74cd0000 - 0x74d7e000 	C:\windows\SYSTEM32\ADVAPI32.dll
0x74e80000 - 0x74f96000 	C:\windows\SYSTEM32\USER32.dll
0x76430000 - 0x764e1000 	C:\windows\SYSTEM32\msvcrt.dll
0x773f0000 - 0x77424000 	C:\windows\SYSTEM32\sechost.dll
0x761e0000 - 0x7628c000 	C:\windows\SYSTEM32\RPCRT4.dll
0x74d80000 - 0x74e7d000 	C:\windows\SYSTEM32\GDI32.dll
0x74b20000 - 0x74b3c000 	C:\windows\SYSTEM32\SspiCli.dll
0x74b10000 - 0x74b19000 	C:\windows\SYSTEM32\CRYPTBASE.dll
0x74ab0000 - 0x74b01000 	C:\windows\SYSTEM32\bcryptPrimitives.dll
0x76b20000 - 0x76b40000 	C:\windows\system32\IMM32.DLL
0x76810000 - 0x768ee000 	C:\windows\SYSTEM32\MSCTF.dll
0x7c340000 - 0x7c396000 	D:\MyToolbox\jdk1.6.0_30\jre\bin\msvcr71.dll
0x6d8c0000 - 0x6db6f000 	D:\MyToolbox\jdk1.6.0_30\jre\bin\client\jvm.dll
0x74660000 - 0x74681000 	C:\windows\SYSTEM32\WINMM.dll
0x74630000 - 0x7465b000 	C:\windows\SYSTEM32\WINMMBASE.dll
0x76580000 - 0x765c6000 	C:\windows\SYSTEM32\cfgmgr32.dll
0x76f40000 - 0x76f5e000 	C:\windows\SYSTEM32\DEVOBJ.dll
0x71c40000 - 0x71ce7000 	C:\windows\system32\apphelp.dll
0x6d870000 - 0x6d87c000 	D:\MyToolbox\jdk1.6.0_30\jre\bin\verify.dll
0x6d3d0000 - 0x6d3ef000 	D:\MyToolbox\jdk1.6.0_30\jre\bin\java.dll
0x6d420000 - 0x6d449000 	D:\MyToolbox\jdk1.6.0_30\jre\bin\jdwp.dll
0x6d740000 - 0x6d746000 	D:\MyToolbox\jdk1.6.0_30\jre\bin\npt.dll
0x6d8b0000 - 0x6d8bf000 	D:\MyToolbox\jdk1.6.0_30\jre\bin\zip.dll
0x6d2b0000 - 0x6d2b7000 	D:\MyToolbox\jdk1.6.0_30\jre\bin\dt_socket.dll
0x76a60000 - 0x76ab0000 	C:\windows\SYSTEM32\WS2_32.dll
0x76af0000 - 0x76af8000 	C:\windows\SYSTEM32\NSI.dll
0x70b10000 - 0x70b20000 	C:\windows\system32\napinsp.dll
0x709c0000 - 0x709d4000 	C:\windows\system32\pnrpnsp.dll
0x709b0000 - 0x709c0000 	C:\windows\system32\NLAapi.dll
0x73ba0000 - 0x73bea000 	C:\windows\System32\mswsock.dll
0x73b20000 - 0x73b95000 	C:\windows\SYSTEM32\DNSAPI.dll
0x709a0000 - 0x709a9000 	C:\windows\System32\winrnr.dll
0x70950000 - 0x7098f000 	C:\windows\System32\fwpuclnt.dll
0x70990000 - 0x70997000 	C:\Windows\System32\rasadhlp.dll
0x6d600000 - 0x6d609000 	D:\MyToolbox\jdk1.6.0_30\jre\bin\management.dll
0x70930000 - 0x7094a000 	C:\windows\SYSTEM32\CRYPTSP.dll
0x708f0000 - 0x7092e000 	C:\windows\system32\rsaenh.dll
0x74a70000 - 0x74a8b000 	C:\windows\SYSTEM32\USERENV.dll
0x74a50000 - 0x74a61000 	C:\windows\SYSTEM32\profapi.dll
0x6d6b0000 - 0x6d6c3000 	D:\MyToolbox\jdk1.6.0_30\jre\bin\net.dll
0x747f0000 - 0x74810000 	C:\windows\SYSTEM32\IPHLPAPI.DLL
0x747e0000 - 0x747e8000 	C:\windows\SYSTEM32\WINNSI.DLL
0x6d6d0000 - 0x6d6d9000 	D:\MyToolbox\jdk1.6.0_30\jre\bin\nio.dll
0x76290000 - 0x76296000 	C:\windows\system32\PSAPI.DLL

VM Arguments:
jvm_args: -agentlib:jdwp=transport=dt_socket,suspend=y,address=localhost:57564 -Drjrcontext=/imatrix -Drjrwebapp=webapp -Drjrport=8085 -Drjrkeystore=C:\Users\Administrator\.keystore -Drjrkeypassword=changeit -Drjrpassword=changeit -Drjrclasspath=D:\MyToolbox\eclipse3.5\ws\imatrix-6.0.0.RC\target\classes;D:\MyToolbox\eclipse3.5\ws\imatrix-6.0.0.RC\webapp\WEB-INF\classes;D:\MyToolbox\eclipse3.5\ws\imatrix-6.0.0.RC\webapp\WEB-INF\lib\activation-1.1.1.jar;D:\MyToolbox\eclipse3.5\ws\imatrix-6.0.0.RC\webapp\WEB-INF\lib\ajaxanywhere-1.2.1.jar;D:\MyToolbox\eclipse3.5\ws\imatrix-6.0.0.RC\webapp\WEB-INF\lib\antlr-2.7.6.jar;D:\MyToolbox\eclipse3.5\ws\imatrix-6.0.0.RC\webapp\WEB-INF\lib\aopalliance-1.0.jar;D:\MyToolbox\eclipse3.5\ws\imatrix-6.0.0.RC\webapp\WEB-INF\lib\asm-3.1.jar;D:\MyToolbox\eclipse3.5\ws\imatrix-6.0.0.RC\webapp\WEB-INF\lib\aspectjweaver-1.6.9.jar;D:\MyToolbox\eclipse3.5\ws\imatrix-6.0.0.RC\webapp\WEB-INF\lib\backport-util-concurrent-2.2.jar;D:\MyToolbox\eclipse3.5\ws\imatrix-6.0.0.RC\webapp\WEB-INF\lib\bsh-2.0b4.jar;D:\MyToolbox\eclipse3.5\ws\imatrix-6.0.0.RC\webapp\WEB-INF\lib\cas-client-core-3.2.1.jar;D:\MyToolbox\eclipse3.5\ws\imatrix-6.0.0.RC\webapp\WEB-INF\lib\cglib-nodep-2.2.2.jar;D:\MyToolbox\eclipse3.5\ws\imatrix-6.0.0.RC\webapp\WEB-INF\lib\chardet-1.0.jar;D:\MyToolbox\eclipse3.5\ws\imatrix-6.0.0.RC\webapp\WEB-INF\lib\codemodel-2.5.jar;D:\MyToolbox\eclipse3.5\ws\imatrix-6.0.0.RC\webapp\WEB-INF\lib\commons-beanutils-1.8.3.jar;D:\MyToolbox\eclipse3.5\ws\imatrix-6.0.0.RC\webapp\WEB-INF\lib\commons-codec-1.6.jar;D:\MyToolbox\eclipse3.5\ws\imatrix-6.0.0.RC\webapp\WEB-INF\lib\commons-collections-3.2.1.jar;D:\MyToolbox\eclipse3.5\ws\imatrix-6.0.0.RC\webapp\WEB-INF\lib\commons-dbcp-1.4.jar;D:\MyToolbox\eclipse3.5\ws\imatrix-6.0.0.RC\webapp\WEB-INF\lib\commons-fileupload-1.2.2.jar;D:\MyToolbox\eclipse3.5\ws\imatrix-6.0.0.RC\webapp\WEB-INF\lib\commons-io-2.1.jar;D:\MyToolbox\eclipse3.5\ws\imatrix-6.0.0.RC\webapp\WEB-INF\lib\commons-lang-2.6.jar;D:\MyToolbox\eclipse3.5\ws\imatrix-6.0.0.RC\webapp\WEB-INF\lib\commons-logging-1.1.1.jar;D:\MyToolbox\eclipse3.5\ws\imatrix-6.0.0.RC\webapp\WEB-INF\lib\commons-pool-1.6.jar;D:\MyToolbox\eclipse3.5\ws\imatrix-6.0.0.RC\webapp\WEB-INF\lib\dbstep-1.0-Xmx768m -Dfile.encoding=UTF-8 
java_command: runjettyrun.Bootstrap
Launcher Type: SUN_STANDARD

Environment Variables:
JAVA_HOME=D:\MyToolbox\jdk1.6.0_30
PATH=D:\MyToolbox\jdk1.6.0_30\jre\bin;D:/MyToolbox/jdk1.6.0_30/bin/../jre/bin/client;D:/MyToolbox/jdk1.6.0_30/bin/../jre/bin;G:\app\ldx\product\11.2.0\dbhome_1\bin;C:\windows\system32;C:\windows;C:\windows\System32\Wbem;C:\windows\System32\WindowsPowerShell\v1.0\;C:\Program Files (x86)\ATI Technologies\ATI.ACE\Core-Static;C:\ProgramData\Lenovo\ReadyApps;D:\MyToolbox\jdk1.6.0_30\bin;D:\mvn\apache-maven-3.0.4\bin;G:\Program Files\TortoiseSVN\bin
USERNAME=ldx
OS=Windows_NT
PROCESSOR_IDENTIFIER=AMD64 Family 21 Model 16 Stepping 1, AuthenticAMD



---------------  S Y S T E M  ---------------

OS: Windows NT 6.2 Build 9200 

CPU:total 4 (4 cores per cpu, 1 threads per core) family 21 model 16 stepping 1, cmov, cx8, fxsr, mmx, sse, sse2, sse3, ssse3, sse4.1, sse4.2, popcnt, mmxext, lzcnt, sse4a

Memory: 4k page, physical 8353792k(2837376k free), swap 9598976k(2156044k free)

vm_info: Java HotSpot(TM) Client VM (20.5-b03) for windows-x86 JRE (1.6.0_30-b12), built on Nov 10 2011 01:51:00 by "java_re" with MS VC++ 7.1 (VS2003)

time: Wed Jan 22 16:14:38 2014
elapsed time: 2106 seconds

